[quomodosoft.com/html/jupiter/jupiter/index2.html]
[backblue.gif]
[fade.gif]
[index.html]
[quomodosoft.com/html/jupiter/jupiter/assets/images/pavicon.png]
[quomodosoft.com/html/jupiter/jupiter/assets/js/vendor/modernizr-2-8-3-min.js]
[quomodosoft.com/html/jupiter/jupiter/assets/images/circle-bg-2.png]
[quomodosoft.com/html/jupiter/jupiter/assets/images/w1.png]
[quomodosoft.com/html/jupiter/jupiter/assets/images/w2.png]
[quomodosoft.com/html/jupiter/jupiter/assets/images/w3.png]
[quomodosoft.com/html/jupiter/jupiter/assets/images/w4.png]
[quomodosoft.com/html/jupiter/jupiter/assets/images/watch-round-1.png]
[quomodosoft.com/html/jupiter/jupiter/assets/images/wtach-section-1.png]
[quomodosoft.com/html/jupiter/jupiter/assets/images/circle-bg.png]
[quomodosoft.com/html/jupiter/jupiter/assets/images/wtach-section-2.png]
[quomodosoft.com/html/jupiter/jupiter/assets/images/watch-round-4.16.delayed]
[quomodosoft.com/html/jupiter/jupiter/assets/images/watch-item-1.png]
[quomodosoft.com/html/jupiter/jupiter/assets/images/watch-item-2.png]
[quomodosoft.com/html/jupiter/jupiter/assets/images/watch-item-3.png]
[quomodosoft.com/html/jupiter/jupiter/assets/images/testimonial-1.png]
[quomodosoft.com/html/jupiter/jupiter/assets/images/testimonial-2.png]
[quomodosoft.com/html/jupiter/jupiter/assets/images/testimonial-3.png]
[quomodosoft.com/html/jupiter/jupiter/assets/images/testimonial-4.png]
[quomodosoft.com/html/jupiter/jupiter/assets/images/testimonial-5.png]
[quomodosoft.com/html/jupiter/jupiter/assets/images/testimonial-6.png]
[quomodosoft.com/html/jupiter/jupiter/assets/images/testimonial-7.png]
[quomodosoft.com/html/jupiter/jupiter/assets/images/testimonial-8.png]
[quomodosoft.com/html/jupiter/jupiter/assets/images/info-1.png]
[quomodosoft.com/html/jupiter/jupiter/assets/images/info-2.png]
[quomodosoft.com/html/jupiter/jupiter/assets/images/info-3.png]
[quomodosoft.com/html/jupiter/jupiter/assets/images/client-1.png]
[quomodosoft.com/html/jupiter/jupiter/assets/images/client-2.png]
[quomodosoft.com/html/jupiter/jupiter/assets/images/client-3.png]
[quomodosoft.com/html/jupiter/jupiter/assets/images/client-4.png]
[quomodosoft.com/html/jupiter/jupiter/assets/images/client-5.png]
[quomodosoft.com/html/jupiter/jupiter/assets/js/vendor/jquery-1-12-4-min.js]
[quomodosoft.com/html/jupiter/jupiter/assets/js/vendor/bootstrap-min.js]
[quomodosoft.com/html/jupiter/jupiter/assets/js/owl-carousel-min.js]
[quomodosoft.com/html/jupiter/jupiter/assets/js/ajaxchimp.js]
[quomodosoft.com/html/jupiter/jupiter/assets/js/lity-min.js]
[quomodosoft.com/html/jupiter/jupiter/assets/js/click-effect.js]
[quomodosoft.com/html/jupiter/jupiter/assets/js/mouse-effect.js]
[quomodosoft.com/html/jupiter/jupiter/assets/js/scrollUp-min.js]
[quomodosoft.com/html/jupiter/jupiter/assets/js/wow-min.js]
[quomodosoft.com/html/jupiter/jupiter/assets/js/main.js]
[quomodosoft.com/html/jupiter/jupiter/index2.html]
[quomodosoft.com/html/jupiter/jupiter/assets/css/normalize.css]
[quomodosoft.com/html/jupiter/jupiter/assets/fonts/glyphicons-halflings-regular.eot]
[quomodosoft.com/html/jupiter/jupiter/assets/fonts/glyphicons-halflings-regulard41d.eot]
[quomodosoft.com/html/jupiter/jupiter/assets/fonts/glyphicons-halflings-regular.woff2]
[quomodosoft.com/html/jupiter/jupiter/assets/fonts/glyphicons-halflings-regular.woff]
[quomodosoft.com/html/jupiter/jupiter/assets/fonts/glyphicons-halflings-regular.ttf]
[quomodosoft.com/html/jupiter/jupiter/assets/css/bootstrap-min.css]
[quomodosoft.com/html/jupiter/jupiter/assets/css/owl.video.play.png]
[quomodosoft.com/html/jupiter/jupiter/assets/css/owl-carousel-min.css]
[quomodosoft.com/html/jupiter/jupiter/assets/css/lity-min.css]
[quomodosoft.com/html/jupiter/jupiter/assets/fonts/fontawesome-webfont3e6e.eot]
[quomodosoft.com/html/jupiter/jupiter/assets/fonts/fontawesome-webfontd41d.eot]
[quomodosoft.com/html/jupiter/jupiter/assets/fonts/fontawesome-webfont3e6e.woff2]
[quomodosoft.com/html/jupiter/jupiter/assets/fonts/fontawesome-webfont3e6e.woff]
[quomodosoft.com/html/jupiter/jupiter/assets/fonts/fontawesome-webfont3e6e.ttf]
[quomodosoft.com/html/jupiter/jupiter/assets/css/font-awesome-min.css]
[quomodosoft.com/html/jupiter/jupiter/assets/css/animate.css]
[quomodosoft.com/html/jupiter/jupiter/assets/css/helper.css]
[quomodosoft.com/html/jupiter/jupiter/assets/images/header-bg-2.png]
[quomodosoft.com/html/jupiter/jupiter/assets/images/price-bg-v3.png]
[quomodosoft.com/html/jupiter/jupiter/assets/css/theme.css]
[quomodosoft.com/html/jupiter/jupiter/style.css]
[quomodosoft.com/html/jupiter/jupiter/assets/css/responsive.css]
[quomodosoft.com/html/jupiter/jupiter/assets/images/watch-round-1.html]
[quomodosoft.com/html/jupiter/jupiter/assets/images/watch-round-4.html]
[quomodosoft.com/html/jupiter/jupiter/assets/fonts/glyphicons-halflings-regular.svg]
[quomodosoft.com/html/jupiter/jupiter/assets/css/owl.video.play.html]
[quomodosoft.com/html/jupiter/jupiter/assets/fonts/fontawesome-webfont3e6e.svg]
